# JRE version: Java(TM) SE Runtime Environment (13.0.1+9) (build 13.0.1+9)
# Java VM: Java HotSpot(TM) 64-Bit Server VM (13.0.1+9, mixed mode, sharing, tiered, compressed oops, g1 gc, windows-amd64)
Heap:
 garbage-first heap   total 60416K, used 18840K [0x0000000081c00000, 0x0000000100000000)
  region size 1024K, 6 young (6144K), 3 survivors (3072K)
 Metaspace       used 35381K, capacity 36282K, committed 36600K, reserved 1081344K
  class space    used 4670K, capacity 5030K, committed 5112K, reserved 1048576K
GC Heap History (20 events):
Event: 0.764 GC heap before
{Heap before GC invocations=1 (full 0):
 garbage-first heap   total 131072K, used 28277K [0x0000000081c00000, 0x0000000100000000)
  region size 1024K, 24 young (24576K), 3 survivors (3072K)
 Metaspace       used 8261K, capacity 9552K, committed 9728K, reserved 1058816K
  class space    used 1072K, capacity 1217K, committed 1280K, reserved 1048576K
}
Event: 0.766 GC heap after
{Heap after GC invocations=2 (full 0):
 garbage-first heap   total 131072K, used 7667K [0x0000000081c00000, 0x0000000100000000)
  region size 1024K, 1 young (1024K), 1 survivors (1024K)
 Metaspace       used 8261K, capacity 9552K, committed 9728K, reserved 1058816K
  class space    used 1072K, capacity 1217K, committed 1280K, reserved 1048576K
}
Event: 1.154 GC heap before
{Heap before GC invocations=2 (full 0):
 garbage-first heap   total 131072K, used 63987K [0x0000000081c00000, 0x0000000100000000)
  region size 1024K, 56 young (57344K), 1 survivors (1024K)
 Metaspace       used 16837K, capacity 17300K, committed 17536K, reserved 1064960K
  class space    used 2164K, capacity 2339K, committed 2432K, reserved 1048576K
}
Event: 1.158 GC heap after
{Heap after GC invocations=3 (full 0):
 garbage-first heap   total 131072K, used 9388K [0x0000000081c00000, 0x0000000100000000)
  region size 1024K, 3 young (3072K), 3 survivors (3072K)
 Metaspace       used 16837K, capacity 17300K, committed 17536K, reserved 1064960K
  class space    used 2164K, capacity 2339K, committed 2432K, reserved 1048576K
}
Event: 1.447 GC heap before
{Heap before GC invocations=3 (full 0):
 garbage-first heap   total 131072K, used 73900K [0x0000000081c00000, 0x0000000100000000)
  region size 1024K, 67 young (68608K), 3 survivors (3072K)
 Metaspace       used 18377K, capacity 18882K, committed 18944K, reserved 1064960K
  class space    used 2323K, capacity 2520K, committed 2560K, reserved 1048576K
}
Event: 1.453 GC heap after
{Heap after GC invocations=4 (full 0):
 garbage-first heap   total 131072K, used 10740K [0x0000000081c00000, 0x0000000100000000)
  region size 1024K, 4 young (4096K), 4 survivors (4096K)
 Metaspace       used 18377K, capacity 18882K, committed 18944K, reserved 1064960K
  class space    used 2323K, capacity 2520K, committed 2560K, reserved 1048576K
}
Event: 1.799 GC heap before
{Heap before GC invocations=4 (full 0):
 garbage-first heap   total 131072K, used 41460K [0x0000000081c00000, 0x0000000100000000)
  region size 1024K, 35 young (35840K), 4 survivors (4096K)
 Metaspace       used 20592K, capacity 21120K, committed 21248K, reserved 1067008K
  class space    used 2602K, capacity 2786K, committed 2816K, reserved 1048576K
}
Event: 1.809 GC heap after
{Heap after GC invocations=5 (full 0):
 garbage-first heap   total 157696K, used 11856K [0x0000000081c00000, 0x0000000100000000)
  region size 1024K, 5 young (5120K), 5 survivors (5120K)
 Metaspace       used 20592K, capacity 21120K, committed 21248K, reserved 1067008K
  class space    used 2602K, capacity 2786K, committed 2816K, reserved 1048576K
}
Event: 2.193 GC heap before
{Heap before GC invocations=6 (full 0):
 garbage-first heap   total 45056K, used 33360K [0x0000000081c00000, 0x0000000100000000)
  region size 1024K, 26 young (26624K), 5 survivors (5120K)
 Metaspace       used 23630K, capacity 24308K, committed 24576K, reserved 1071104K
  class space    used 3005K, capacity 3283K, committed 3328K, reserved 1048576K
}
Event: 2.213 GC heap after
{Heap after GC invocations=7 (full 0):
 garbage-first heap   total 45056K, used 13060K [0x0000000081c00000, 0x0000000100000000)
  region size 1024K, 3 young (3072K), 3 survivors (3072K)
 Metaspace       used 23630K, capacity 24308K, committed 24576K, reserved 1071104K
  class space    used 3005K, capacity 3283K, committed 3328K, reserved 1048576K
}
Event: 2.795 GC heap before
{Heap before GC invocations=7 (full 0):
 garbage-first heap   total 45056K, used 33540K [0x0000000081c00000, 0x0000000100000000)
  region size 1024K, 23 young (23552K), 3 survivors (3072K)
 Metaspace       used 26905K, capacity 27759K, committed 27904K, reserved 1073152K
  class space    used 3433K, capacity 3794K, committed 3840K, reserved 1048576K
}
Event: 2.804 GC heap after
{Heap after GC invocations=8 (full 0):
 garbage-first heap   total 45056K, used 14532K [0x0000000081c00000, 0x0000000100000000)
  region size 1024K, 3 young (3072K), 3 survivors (3072K)
 Metaspace       used 26905K, capacity 27759K, committed 27904K, reserved 1073152K
  class space    used 3433K, capacity 3794K, committed 3840K, reserved 1048576K
}
Event: 2.898 GC heap before
{Heap before GC invocations=8 (full 0):
 garbage-first heap   total 45056K, used 32964K [0x0000000081c00000, 0x0000000100000000)
  region size 1024K, 22 young (22528K), 3 survivors (3072K)
 Metaspace       used 28134K, capacity 29036K, committed 29312K, reserved 1075200K
  class space    used 3552K, capacity 3899K, committed 3968K, reserved 1048576K
}
Event: 2.905 GC heap after
{Heap after GC invocations=9 (full 0):
 garbage-first heap   total 45056K, used 15682K [0x0000000081c00000, 0x0000000100000000)
  region size 1024K, 1 young (1024K), 1 survivors (1024K)
 Metaspace       used 28134K, capacity 29036K, committed 29312K, reserved 1075200K
  class space    used 3552K, capacity 3899K, committed 3968K, reserved 1048576K
}
Event: 2.908 GC heap before
{Heap before GC invocations=9 (full 0):
 garbage-first heap   total 45056K, used 33090K [0x0000000081c00000, 0x0000000100000000)
  region size 1024K, 19 young (19456K), 1 survivors (1024K)
 Metaspace       used 28134K, capacity 29036K, committed 29312K, reserved 1075200K
  class space    used 3552K, capacity 3899K, committed 3968K, reserved 1048576K
}
Event: 2.910 GC heap after
{Heap after GC invocations=10 (full 0):
 garbage-first heap   total 60416K, used 15470K [0x0000000081c00000, 0x0000000100000000)
  region size 1024K, 1 young (1024K), 1 survivors (1024K)
 Metaspace       used 28134K, capacity 29036K, committed 29312K, reserved 1075200K
  class space    used 3552K, capacity 3899K, committed 3968K, reserved 1048576K
}
Event: 5.247 GC heap before
{Heap before GC invocations=10 (full 0):
 garbage-first heap   total 60416K, used 39022K [0x0000000081c00000, 0x0000000100000000)
  region size 1024K, 25 young (25600K), 1 survivors (1024K)
 Metaspace       used 30985K, capacity 31869K, committed 31872K, reserved 1077248K
  class space    used 3874K, capacity 4221K, committed 4224K, reserved 1048576K
}
Event: 5.249 GC heap after
{Heap after GC invocations=11 (full 0):
 garbage-first heap   total 60416K, used 16064K [0x0000000081c00000, 0x0000000100000000)
  region size 1024K, 2 young (2048K), 2 survivors (2048K)
 Metaspace       used 30985K, capacity 31869K, committed 31872K, reserved 1077248K
  class space    used 3874K, capacity 4221K, committed 4224K, reserved 1048576K
}
Event: 5.530 GC heap before
{Heap before GC invocations=11 (full 0):
 garbage-first heap   total 60416K, used 34496K [0x0000000081c00000, 0x0000000100000000)
  region size 1024K, 22 young (22528K), 2 survivors (2048K)
 Metaspace       used 34660K, capacity 35514K, committed 35584K, reserved 1079296K
  class space    used 4492K, capacity 4838K, committed 4864K, reserved 1048576K
}
Event: 5.532 GC heap after
{Heap after GC invocations=12 (full 0):
 garbage-first heap   total 60416K, used 16792K [0x0000000081c00000, 0x0000000100000000)
  region size 1024K, 3 young (3072K), 3 survivors (3072K)
 Metaspace       used 34660K, capacity 35514K, committed 35584K, reserved 1079296K
  class space    used 4492K, capacity 4838K, committed 4864K, reserved 1048576K
}

